21:37:11 **** Incremental Build of configuration Nios II for project AudioPlayer ****
make all 
Info: Building ../AudioPlayer_bsp/
C:/software/Altera/15.1/nios2eds/bin/gnu/H-x86_64-mingw32/bin/make --no-print-directory -C ../AudioPlayer_bsp/
[BSP build complete]
Info: Compiling hello_world.c to obj/default/hello_world.o
nios2-elf-gcc -xc -MP -MMD -c -I../AudioPlayer_bsp//HAL/inc -I../AudioPlayer_bsp/ -I../AudioPlayer_bsp//drivers/inc  -pipe -D__hal__ -DALT_NO_INSTRUCTION_EMULATION -DALT_SINGLE_THREADED    -O0 -g -Wall   -mno-hw-div -mhw-mul -mno-hw-mulx  -o obj/default/hello_world.o hello_world.c
hello_world.c: In function 'setupInterrupts':
hello_world.c:74:2: warning: implicit declaration of function 'alt_irq_register' [-Wimplicit-function-declaration]
  alt_irq_register(BUTTON_PIO_IRQ, (void*) 0, buttonPressed);
  ^
Info: Compiling menu.c to obj/default/menu.o
nios2-elf-gcc -xc -MP -MMD -c -I../AudioPlayer_bsp//HAL/inc -I../AudioPlayer_bsp/ -I../AudioPlayer_bsp//drivers/inc  -pipe -D__hal__ -DALT_NO_INSTRUCTION_EMULATION -DALT_SINGLE_THREADED    -O0 -g -Wall   -mno-hw-div -mhw-mul -mno-hw-mulx  -o obj/default/menu.o menu.c
menu.c: In function 'printCurrentTrack':
menu.c:60:1: warning: no return statement in function returning non-void [-Wreturn-type]
 }
 ^
menu.c: In function 'loadDirectory':
menu.c:91:2: warning: suggest parentheses around assignment used as truth value [-Wparentheses]
  if(result = f_opendir(&dir, dirName)){
  ^
menu.c: In function 'initializeDisk':
menu.c:118:2: warning: implicit declaration of function 'xprintf' [-Wimplicit-function-declaration]
  xprintf("Return code=%d\n", (uint16_t) disk_initialize((uint8_t) DRIVE)); //di 0
  ^
menu.c: In function 'menu':
menu.c:125:3: warning: enumeration value 'NONE' not handled in switch [-Wswitch]
   switch(bstate){
   ^
menu.c:125:3: warning: enumeration value 'PLAY_PAUSE' not handled in switch [-Wswitch]
menu.c:125:3: warning: enumeration value 'STOP' not handled in switch [-Wswitch]
menu.c:125:3: warning: enumeration value 'BACKWARD' not handled in switch [-Wswitch]
menu.c:125:3: warning: enumeration value 'FORWARD' not handled in switch [-Wswitch]
menu.c: At top level:
menu.c:62:13: warning: 'nextSong' defined but not used [-Wunused-function]
 static void nextSong(void){
             ^
menu.c:73:13: warning: 'prevSong' defined but not used [-Wunused-function]
 static void prevSong(){
             ^
menu.c: In function 'printTrack':
menu.c:56:1: warning: control reaches end of non-void function [-Wreturn-type]
 }
 ^
Info: Compiling player.c to obj/default/player.o
nios2-elf-gcc -xc -MP -MMD -c -I../AudioPlayer_bsp//HAL/inc -I../AudioPlayer_bsp/ -I../AudioPlayer_bsp//drivers/inc  -pipe -D__hal__ -DALT_NO_INSTRUCTION_EMULATION -DALT_SINGLE_THREADED    -O0 -g -Wall   -mno-hw-div -mhw-mul -mno-hw-mulx  -o obj/default/player.o player.c
player.c: In function 'setupPlayer':
player.c:39:1: warning: control reaches end of non-void function [-Wreturn-type]
 }
 ^
player.c: In function 'playSong':
player.c:43:1: warning: control reaches end of non-void function [-Wreturn-type]
 }
 ^
player.c: In function 'exitPlayer':
player.c:47:1: warning: control reaches end of non-void function [-Wreturn-type]
 }
 ^
Info: Linking AudioPlayer.elf
nios2-elf-g++  -T'../AudioPlayer_bsp//linker.x' -msys-crt0='../AudioPlayer_bsp//obj/HAL/src/crt0.o' -msys-lib=hal_bsp -L../AudioPlayer_bsp/   -Wl,-Map=AudioPlayer.map   -O0 -g -Wall   -mno-hw-div -mhw-mul -mno-hw-mulx  -o AudioPlayer.elf obj/default/fatfs.o obj/default/fatfs_diskio.o obj/default/fatfs_nios2_de0_nano_spi.o obj/default/fatfs_nios2_de1_pio.o obj/default/fatfs_nios2_de1_spi.o obj/default/ff.o obj/default/hello_world.o obj/default/main.o obj/default/menu.o obj/default/monitor.o obj/default/player.o obj/default/uart_nios2.o obj/default/utilities.o -lm -msys-lib=m
nios2-elf-insert AudioPlayer.elf --thread_model hal --cpu_name nios2_gen2_0 --qsys true --simulation_enabled false --id 0 --sidp 0x1001148 --timestamp 1494339556 --stderr_dev jtag_uart_0 --stdin_dev jtag_uart_0 --stdout_dev jtag_uart_0 --sopc_system_name LogicalStep --quartus_project_dir "C:/LogicalStepSVN/LogicalStep" --jdi ../..//output_files/LogicalStep_top.jdi --sopcinfo C:/LogicalStepSVN/LogicalStep/Software/AudioPlayer_bsp/../../LogicalStep.sopcinfo
Info: (AudioPlayer.elf) 136 KBytes program size (code + initialized data).
Info:                   8048 KBytes free for stack + heap.
Info: Creating AudioPlayer.objdump
nios2-elf-objdump --disassemble --syms --all-header --source AudioPlayer.elf >AudioPlayer.objdump
[AudioPlayer build complete]
21:37:26 **** Build of configuration Nios II for project AudioPlayer ****
make all 
Info: Building ../AudioPlayer_bsp/
C:/software/Altera/15.1/nios2eds/bin/gnu/H-x86_64-mingw32/bin/make --no-print-directory -C ../AudioPlayer_bsp/
[BSP build complete]
[AudioPlayer build complete]
21:37:34 **** Incremental Build of configuration Nios II for project AudioPlayer ****
make all 
Info: Building ../AudioPlayer_bsp/
C:/software/Altera/15.1/nios2eds/bin/gnu/H-x86_64-mingw32/bin/make --no-print-directory -C ../AudioPlayer_bsp/
[BSP build complete]
Info: Compiling menu.c to obj/default/menu.o
nios2-elf-gcc -xc -MP -MMD -c -I../AudioPlayer_bsp//HAL/inc -I../AudioPlayer_bsp/ -I../AudioPlayer_bsp//drivers/inc  -pipe -D__hal__ -DALT_NO_INSTRUCTION_EMULATION -DALT_SINGLE_THREADED    -O0 -g -Wall   -mno-hw-div -mhw-mul -mno-hw-mulx  -o obj/default/menu.o menu.c
menu.c: In function 'printCurrentTrack':
menu.c:60:1: warning: no return statement in function returning non-void [-Wreturn-type]
 }
 ^
menu.c: In function 'loadDirectory':
menu.c:91:2: warning: suggest parentheses around assignment used as truth value [-Wparentheses]
  if(result = f_opendir(&dir, dirName)){
  ^
menu.c: In function 'initializeDisk':
menu.c:118:2: warning: implicit declaration of function 'xprintf' [-Wimplicit-function-declaration]
  xprintf("Return code=%d\n", (uint16_t) disk_initialize((uint8_t) DRIVE)); //di 0
  ^
menu.c: In function 'menu':
menu.c:127:3: error: expected expression before '}' token
   }
   ^
menu.c:127:3: error: label at end of compound statement
menu.c:125:3: warning: enumeration value 'NONE' not handled in switch [-Wswitch]
   switch(bstate){
   ^
menu.c:125:3: warning: enumeration value 'PLAY_PAUSE' not handled in switch [-Wswitch]
menu.c:125:3: warning: enumeration value 'STOP' not handled in switch [-Wswitch]
menu.c:125:3: warning: enumeration value 'BACKWARD' not handled in switch [-Wswitch]
menu.c:125:3: warning: enumeration value 'FORWARD' not handled in switch [-Wswitch]
menu.c: At top level:
menu.c:62:13: warning: 'nextSong' defined but not used [-Wunused-function]
 static void nextSong(void){
             ^
menu.c:73:13: warning: 'prevSong' defined but not used [-Wunused-function]
 static void prevSong(){
             ^
menu.c: In function 'printTrack':
menu.c:56:1: warning: control reaches end of non-void function [-Wreturn-type]
 }
 ^
make: *** [obj/default/menu.o] Error 1
21:37:58 **** Build of configuration Nios II for project AudioPlayer ****
make all 
Info: Building ../AudioPlayer_bsp/
C:/software/Altera/15.1/nios2eds/bin/gnu/H-x86_64-mingw32/bin/make --no-print-directory -C ../AudioPlayer_bsp/
[BSP build complete]
Info: Compiling menu.c to obj/default/menu.o
nios2-elf-gcc -xc -MP -MMD -c -I../AudioPlayer_bsp//HAL/inc -I../AudioPlayer_bsp/ -I../AudioPlayer_bsp//drivers/inc  -pipe -D__hal__ -DALT_NO_INSTRUCTION_EMULATION -DALT_SINGLE_THREADED    -O0 -g -Wall   -mno-hw-div -mhw-mul -mno-hw-mulx  -o obj/default/menu.o menu.c
menu.c: In function 'printCurrentTrack':
menu.c:60:1: warning: no return statement in function returning non-void [-Wreturn-type]
 }
 ^
menu.c: In function 'loadDirectory':
menu.c:91:2: warning: suggest parentheses around assignment used as truth value [-Wparentheses]
  if(result = f_opendir(&dir, dirName)){
  ^
menu.c: In function 'initializeDisk':
menu.c:118:2: warning: implicit declaration of function 'xprintf' [-Wimplicit-function-declaration]
  xprintf("Return code=%d\n", (uint16_t) disk_initialize((uint8_t) DRIVE)); //di 0
  ^
menu.c: At top level:
menu.c:62:13: warning: 'nextSong' defined but not used [-Wunused-function]
 static void nextSong(void){
             ^
menu.c:73:13: warning: 'prevSong' defined but not used [-Wunused-function]
 static void prevSong(){
             ^
menu.c: In function 'printTrack':
menu.c:56:1: warning: control reaches end of non-void function [-Wreturn-type]
 }
 ^
Info: Linking AudioPlayer.elf
nios2-elf-g++  -T'../AudioPlayer_bsp//linker.x' -msys-crt0='../AudioPlayer_bsp//obj/HAL/src/crt0.o' -msys-lib=hal_bsp -L../AudioPlayer_bsp/   -Wl,-Map=AudioPlayer.map   -O0 -g -Wall   -mno-hw-div -mhw-mul -mno-hw-mulx  -o AudioPlayer.elf obj/default/fatfs.o obj/default/fatfs_diskio.o obj/default/fatfs_nios2_de0_nano_spi.o obj/default/fatfs_nios2_de1_pio.o obj/default/fatfs_nios2_de1_spi.o obj/default/ff.o obj/default/hello_world.o obj/default/main.o obj/default/menu.o obj/default/monitor.o obj/default/player.o obj/default/uart_nios2.o obj/default/utilities.o -lm -msys-lib=m
nios2-elf-insert AudioPlayer.elf --thread_model hal --cpu_name nios2_gen2_0 --qsys true --simulation_enabled false --id 0 --sidp 0x1001148 --timestamp 1494339556 --stderr_dev jtag_uart_0 --stdin_dev jtag_uart_0 --stdout_dev jtag_uart_0 --sopc_system_name LogicalStep --quartus_project_dir "C:/LogicalStepSVN/LogicalStep" --jdi ../..//output_files/LogicalStep_top.jdi --sopcinfo C:/LogicalStepSVN/LogicalStep/Software/AudioPlayer_bsp/../../LogicalStep.sopcinfo
Info: (AudioPlayer.elf) 136 KBytes program size (code + initialized data).
Info:                   8048 KBytes free for stack + heap.
Info: Creating AudioPlayer.objdump
nios2-elf-objdump --disassemble --syms --all-header --source AudioPlayer.elf >AudioPlayer.objdump
[AudioPlayer build complete]
21:38:05 **** Incremental Build of configuration Nios II for project AudioPlayer ****
make all 
Info: Building ../AudioPlayer_bsp/
C:/software/Altera/15.1/nios2eds/bin/gnu/H-x86_64-mingw32/bin/make --no-print-directory -C ../AudioPlayer_bsp/
[BSP build complete]
[AudioPlayer build complete]
21:40:00 **** Build of configuration Nios II for project AudioPlayer ****
make all 
Info: Building ../AudioPlayer_bsp/
C:/software/Altera/15.1/nios2eds/bin/gnu/H-x86_64-mingw32/bin/make --no-print-directory -C ../AudioPlayer_bsp/
[BSP build complete]
Info: Compiling menu.c to obj/default/menu.o
nios2-elf-gcc -xc -MP -MMD -c -I../AudioPlayer_bsp//HAL/inc -I../AudioPlayer_bsp/ -I../AudioPlayer_bsp//drivers/inc  -pipe -D__hal__ -DALT_NO_INSTRUCTION_EMULATION -DALT_SINGLE_THREADED    -O0 -g -Wall   -mno-hw-div -mhw-mul -mno-hw-mulx  -o obj/default/menu.o menu.c
menu.c: In function 'printCurrentTrack':
menu.c:60:1: warning: no return statement in function returning non-void [-Wreturn-type]
 }
 ^
menu.c: In function 'loadDirectory':
menu.c:91:2: warning: suggest parentheses around assignment used as truth value [-Wparentheses]
  if(result = f_opendir(&dir, dirName)){
  ^
menu.c: In function 'initializeDisk':
menu.c:118:2: warning: implicit declaration of function 'xprintf' [-Wimplicit-function-declaration]
  xprintf("Disk init code: %d\n", (uint16_t) disk_initialize((uint8_t) DRIVE)); //di 0
  ^
menu.c: At top level:
menu.c:62:13: warning: 'nextSong' defined but not used [-Wunused-function]
 static void nextSong(void){
             ^
menu.c:73:13: warning: 'prevSong' defined but not used [-Wunused-function]
 static void prevSong(){
             ^
menu.c: In function 'printTrack':
menu.c:56:1: warning: control reaches end of non-void function [-Wreturn-type]
 }
 ^
Info: Linking AudioPlayer.elf
nios2-elf-g++  -T'../AudioPlayer_bsp//linker.x' -msys-crt0='../AudioPlayer_bsp//obj/HAL/src/crt0.o' -msys-lib=hal_bsp -L../AudioPlayer_bsp/   -Wl,-Map=AudioPlayer.map   -O0 -g -Wall   -mno-hw-div -mhw-mul -mno-hw-mulx  -o AudioPlayer.elf obj/default/fatfs.o obj/default/fatfs_diskio.o obj/default/fatfs_nios2_de0_nano_spi.o obj/default/fatfs_nios2_de1_pio.o obj/default/fatfs_nios2_de1_spi.o obj/default/ff.o obj/default/hello_world.o obj/default/main.o obj/default/menu.o obj/default/monitor.o obj/default/player.o obj/default/uart_nios2.o obj/default/utilities.o -lm -msys-lib=m
nios2-elf-insert AudioPlayer.elf --thread_model hal --cpu_name nios2_gen2_0 --qsys true --simulation_enabled false --id 0 --sidp 0x1001148 --timestamp 1494339556 --stderr_dev jtag_uart_0 --stdin_dev jtag_uart_0 --stdout_dev jtag_uart_0 --sopc_system_name LogicalStep --quartus_project_dir "C:/LogicalStepSVN/LogicalStep" --jdi ../..//output_files/LogicalStep_top.jdi --sopcinfo C:/LogicalStepSVN/LogicalStep/Software/AudioPlayer_bsp/../../LogicalStep.sopcinfo
Info: (AudioPlayer.elf) 136 KBytes program size (code + initialized data).
Info:                   8048 KBytes free for stack + heap.
Info: Creating AudioPlayer.objdump
nios2-elf-objdump --disassemble --syms --all-header --source AudioPlayer.elf >AudioPlayer.objdump
[AudioPlayer build complete]
21:40:08 **** Incremental Build of configuration Nios II for project AudioPlayer ****
make all 
Info: Building ../AudioPlayer_bsp/
C:/software/Altera/15.1/nios2eds/bin/gnu/H-x86_64-mingw32/bin/make --no-print-directory -C ../AudioPlayer_bsp/
[BSP build complete]
[AudioPlayer build complete]
21:40:54 **** Build of configuration Nios II for project AudioPlayer ****
make all 
Info: Building ../AudioPlayer_bsp/
C:/software/Altera/15.1/nios2eds/bin/gnu/H-x86_64-mingw32/bin/make --no-print-directory -C ../AudioPlayer_bsp/
[BSP build complete]
Info: Compiling hello_world.c to obj/default/hello_world.o
nios2-elf-gcc -xc -MP -MMD -c -I../AudioPlayer_bsp//HAL/inc -I../AudioPlayer_bsp/ -I../AudioPlayer_bsp//drivers/inc  -pipe -D__hal__ -DALT_NO_INSTRUCTION_EMULATION -DALT_SINGLE_THREADED    -O0 -g -Wall   -mno-hw-div -mhw-mul -mno-hw-mulx  -o obj/default/hello_world.o hello_world.c
hello_world.c: In function 'setupInterrupts':
hello_world.c:74:2: warning: implicit declaration of function 'alt_irq_register' [-Wimplicit-function-declaration]
  alt_irq_register(BUTTON_PIO_IRQ, (void*) 0, buttonPressed);
  ^
Info: Linking AudioPlayer.elf
nios2-elf-g++  -T'../AudioPlayer_bsp//linker.x' -msys-crt0='../AudioPlayer_bsp//obj/HAL/src/crt0.o' -msys-lib=hal_bsp -L../AudioPlayer_bsp/   -Wl,-Map=AudioPlayer.map   -O0 -g -Wall   -mno-hw-div -mhw-mul -mno-hw-mulx  -o AudioPlayer.elf obj/default/fatfs.o obj/default/fatfs_diskio.o obj/default/fatfs_nios2_de0_nano_spi.o obj/default/fatfs_nios2_de1_pio.o obj/default/fatfs_nios2_de1_spi.o obj/default/ff.o obj/default/hello_world.o obj/default/main.o obj/default/menu.o obj/default/monitor.o obj/default/player.o obj/default/uart_nios2.o obj/default/utilities.o -lm -msys-lib=m
nios2-elf-insert AudioPlayer.elf --thread_model hal --cpu_name nios2_gen2_0 --qsys true --simulation_enabled false --id 0 --sidp 0x1001148 --timestamp 1494339556 --stderr_dev jtag_uart_0 --stdin_dev jtag_uart_0 --stdout_dev jtag_uart_0 --sopc_system_name LogicalStep --quartus_project_dir "C:/LogicalStepSVN/LogicalStep" --jdi ../..//output_files/LogicalStep_top.jdi --sopcinfo C:/LogicalStepSVN/LogicalStep/Software/AudioPlayer_bsp/../../LogicalStep.sopcinfo
Info: (AudioPlayer.elf) 136 KBytes program size (code + initialized data).
Info:                   8048 KBytes free for stack + heap.
Info: Creating AudioPlayer.objdump
nios2-elf-objdump --disassemble --syms --all-header --source AudioPlayer.elf >AudioPlayer.objdump
[AudioPlayer build complete]
21:41:01 **** Incremental Build of configuration Nios II for project AudioPlayer ****
make all 
Info: Building ../AudioPlayer_bsp/
C:/software/Altera/15.1/nios2eds/bin/gnu/H-x86_64-mingw32/bin/make --no-print-directory -C ../AudioPlayer_bsp/
[BSP build complete]
[AudioPlayer build complete]
21:42:13 **** Build of configuration Nios II for project AudioPlayer ****
make all 
Info: Building ../AudioPlayer_bsp/
C:/software/Altera/15.1/nios2eds/bin/gnu/H-x86_64-mingw32/bin/make --no-print-directory -C ../AudioPlayer_bsp/
[BSP build complete]
[AudioPlayer build complete]
21:42:17 **** Incremental Build of configuration Nios II for project AudioPlayer ****
make all 
Info: Building ../AudioPlayer_bsp/
C:/software/Altera/15.1/nios2eds/bin/gnu/H-x86_64-mingw32/bin/make --no-print-directory -C ../AudioPlayer_bsp/
[BSP build complete]
[AudioPlayer build complete]
21:58:03 **** Build of configuration Nios II for project AudioPlayer ****
make all 
Info: Building ../AudioPlayer_bsp/
C:/software/Altera/15.1/nios2eds/bin/gnu/H-x86_64-mingw32/bin/make --no-print-directory -C ../AudioPlayer_bsp/
[BSP build complete]
Info: Compiling hello_world.c to obj/default/hello_world.o
nios2-elf-gcc -xc -MP -MMD -c -I../AudioPlayer_bsp//HAL/inc -I../AudioPlayer_bsp/ -I../AudioPlayer_bsp//drivers/inc  -pipe -D__hal__ -DALT_NO_INSTRUCTION_EMULATION -DALT_SINGLE_THREADED    -O0 -g -Wall   -mno-hw-div -mhw-mul -mno-hw-mulx  -o obj/default/hello_world.o hello_world.c
hello_world.c: In function 'setupInterrupts':
hello_world.c:72:2: warning: implicit declaration of function 'alt_irq_register' [-Wimplicit-function-declaration]
  alt_irq_register(BUTTON_PIO_IRQ, (void*) 0, buttonPressed);
  ^
hello_world.c: In function 'main':
hello_world.c:90:3: warning: implicit declaration of function 'menu' [-Wimplicit-function-declaration]
   menu();
   ^
hello_world.c:91:3: warning: implicit declaration of function 'play' [-Wimplicit-function-declaration]
   play();
   ^
Info: Compiling menu.c to obj/default/menu.o
nios2-elf-gcc -xc -MP -MMD -c -I../AudioPlayer_bsp//HAL/inc -I../AudioPlayer_bsp/ -I../AudioPlayer_bsp//drivers/inc  -pipe -D__hal__ -DALT_NO_INSTRUCTION_EMULATION -DALT_SINGLE_THREADED    -O0 -g -Wall   -mno-hw-div -mhw-mul -mno-hw-mulx  -o obj/default/menu.o menu.c
menu.c: In function 'printCurrentTrack':
menu.c:60:1: warning: no return statement in function returning non-void [-Wreturn-type]
 }
 ^
menu.c: In function 'loadDirectory':
menu.c:88:2: warning: suggest parentheses around assignment used as truth value [-Wparentheses]
  if(result = f_opendir(&dir, dirName)){
  ^
menu.c: In function 'initializeDisk':
menu.c:115:2: warning: implicit declaration of function 'xprintf' [-Wimplicit-function-declaration]
  xprintf("Disk init code: %d\n", (uint16_t) disk_initialize((uint8_t) DRIVE)); //di 0
  ^
menu.c: In function 'printTrack':
menu.c:56:1: warning: control reaches end of non-void function [-Wreturn-type]
 }
 ^
Info: Compiling player.c to obj/default/player.o
nios2-elf-gcc -xc -MP -MMD -c -I../AudioPlayer_bsp//HAL/inc -I../AudioPlayer_bsp/ -I../AudioPlayer_bsp//drivers/inc  -pipe -D__hal__ -DALT_NO_INSTRUCTION_EMULATION -DALT_SINGLE_THREADED    -O0 -g -Wall   -mno-hw-div -mhw-mul -mno-hw-mulx  -o obj/default/player.o player.c
player.c: In function 'play':
player.c:51:2: warning: implicit declaration of function 'xprintf' [-Wimplicit-function-declaration]
  xprintf("TODO: PLAY SONG");
  ^
player.c: In function 'setupPlayer':
player.c:39:1: warning: control reaches end of non-void function [-Wreturn-type]
 }
 ^
player.c: In function 'playSong':
player.c:43:1: warning: control reaches end of non-void function [-Wreturn-type]
 }
 ^
player.c: In function 'exitPlayer':
player.c:47:1: warning: control reaches end of non-void function [-Wreturn-type]
 }
 ^
Info: Linking AudioPlayer.elf
nios2-elf-g++  -T'../AudioPlayer_bsp//linker.x' -msys-crt0='../AudioPlayer_bsp//obj/HAL/src/crt0.o' -msys-lib=hal_bsp -L../AudioPlayer_bsp/   -Wl,-Map=AudioPlayer.map   -O0 -g -Wall   -mno-hw-div -mhw-mul -mno-hw-mulx  -o AudioPlayer.elf obj/default/fatfs.o obj/default/fatfs_diskio.o obj/default/fatfs_nios2_de0_nano_spi.o obj/default/fatfs_nios2_de1_pio.o obj/default/fatfs_nios2_de1_spi.o obj/default/ff.o obj/default/hello_world.o obj/default/main.o obj/default/menu.o obj/default/monitor.o obj/default/player.o obj/default/uart_nios2.o obj/default/utilities.o -lm -msys-lib=m
nios2-elf-insert AudioPlayer.elf --thread_model hal --cpu_name nios2_gen2_0 --qsys true --simulation_enabled false --id 0 --sidp 0x1001148 --timestamp 1494339556 --stderr_dev jtag_uart_0 --stdin_dev jtag_uart_0 --stdout_dev jtag_uart_0 --sopc_system_name LogicalStep --quartus_project_dir "C:/LogicalStepSVN/LogicalStep" --jdi ../..//output_files/LogicalStep_top.jdi --sopcinfo C:/LogicalStepSVN/LogicalStep/Software/AudioPlayer_bsp/../../LogicalStep.sopcinfo
Info: (AudioPlayer.elf) 136 KBytes program size (code + initialized data).
Info:                   8048 KBytes free for stack + heap.
Info: Creating AudioPlayer.objdump
nios2-elf-objdump --disassemble --syms --all-header --source AudioPlayer.elf >AudioPlayer.objdump
[AudioPlayer build complete]
21:58:11 **** Incremental Build of configuration Nios II for project AudioPlayer ****
make all 
Info: Building ../AudioPlayer_bsp/
C:/software/Altera/15.1/nios2eds/bin/gnu/H-x86_64-mingw32/bin/make --no-print-directory -C ../AudioPlayer_bsp/
[BSP build complete]
[AudioPlayer build complete]
22:16:55 **** Build of configuration Nios II for project AudioPlayer ****
make all 
Info: Building ../AudioPlayer_bsp/
C:/software/Altera/15.1/nios2eds/bin/gnu/H-x86_64-mingw32/bin/make --no-print-directory -C ../AudioPlayer_bsp/
[BSP build complete]
Info: Compiling menu.c to obj/default/menu.o
nios2-elf-gcc -xc -MP -MMD -c -I../AudioPlayer_bsp//HAL/inc -I../AudioPlayer_bsp/ -I../AudioPlayer_bsp//drivers/inc  -pipe -D__hal__ -DALT_NO_INSTRUCTION_EMULATION -DALT_SINGLE_THREADED    -O0 -g -Wall   -mno-hw-div -mhw-mul -mno-hw-mulx  -o obj/default/menu.o menu.c
menu.c: In function 'printCurrentTrack':
menu.c:62:1: warning: no return statement in function returning non-void [-Wreturn-type]
 }
 ^
menu.c: In function 'loadDirectory':
menu.c:90:2: warning: suggest parentheses around assignment used as truth value [-Wparentheses]
  if(result = f_opendir(&dir, dirName)){
  ^
menu.c: In function 'initializeDisk':
menu.c:117:2: warning: implicit declaration of function 'xprintf' [-Wimplicit-function-declaration]
  xprintf("Disk init code: %d\n", (uint16_t) disk_initialize((uint8_t) DRIVE)); //di 0
  ^
menu.c: In function 'printTrack':
menu.c:58:1: warning: control reaches end of non-void function [-Wreturn-type]
 }
 ^
Info: Linking AudioPlayer.elf
nios2-elf-g++  -T'../AudioPlayer_bsp//linker.x' -msys-crt0='../AudioPlayer_bsp//obj/HAL/src/crt0.o' -msys-lib=hal_bsp -L../AudioPlayer_bsp/   -Wl,-Map=AudioPlayer.map   -O0 -g -Wall   -mno-hw-div -mhw-mul -mno-hw-mulx  -o AudioPlayer.elf obj/default/fatfs.o obj/default/fatfs_diskio.o obj/default/fatfs_nios2_de0_nano_spi.o obj/default/fatfs_nios2_de1_pio.o obj/default/fatfs_nios2_de1_spi.o obj/default/ff.o obj/default/hello_world.o obj/default/main.o obj/default/menu.o obj/default/monitor.o obj/default/player.o obj/default/uart_nios2.o obj/default/utilities.o -lm -msys-lib=m
nios2-elf-insert AudioPlayer.elf --thread_model hal --cpu_name nios2_gen2_0 --qsys true --simulation_enabled false --id 0 --sidp 0x1001148 --timestamp 1494339556 --stderr_dev jtag_uart_0 --stdin_dev jtag_uart_0 --stdout_dev jtag_uart_0 --sopc_system_name LogicalStep --quartus_project_dir "C:/LogicalStepSVN/LogicalStep" --jdi ../..//output_files/LogicalStep_top.jdi --sopcinfo C:/LogicalStepSVN/LogicalStep/Software/AudioPlayer_bsp/../../LogicalStep.sopcinfo
Info: (AudioPlayer.elf) 136 KBytes program size (code + initialized data).
Info:                   8048 KBytes free for stack + heap.
Info: Creating AudioPlayer.objdump
nios2-elf-objdump --disassemble --syms --all-header --source AudioPlayer.elf >AudioPlayer.objdump
[AudioPlayer build complete]
22:17:04 **** Incremental Build of configuration Nios II for project AudioPlayer ****
make all 
Info: Building ../AudioPlayer_bsp/
C:/software/Altera/15.1/nios2eds/bin/gnu/H-x86_64-mingw32/bin/make --no-print-directory -C ../AudioPlayer_bsp/
[BSP build complete]
[AudioPlayer build complete]
22:18:44 **** Build of configuration Nios II for project AudioPlayer ****
make all 
Info: Building ../AudioPlayer_bsp/
C:/software/Altera/15.1/nios2eds/bin/gnu/H-x86_64-mingw32/bin/make --no-print-directory -C ../AudioPlayer_bsp/
[BSP build complete]
Info: Compiling menu.c to obj/default/menu.o
nios2-elf-gcc -xc -MP -MMD -c -I../AudioPlayer_bsp//HAL/inc -I../AudioPlayer_bsp/ -I../AudioPlayer_bsp//drivers/inc  -pipe -D__hal__ -DALT_NO_INSTRUCTION_EMULATION -DALT_SINGLE_THREADED    -O0 -g -Wall   -mno-hw-div -mhw-mul -mno-hw-mulx  -o obj/default/menu.o menu.c
menu.c: In function 'printCurrentTrack':
menu.c:62:1: warning: no return statement in function returning non-void [-Wreturn-type]
 }
 ^
menu.c: In function 'loadDirectory':
menu.c:90:2: warning: suggest parentheses around assignment used as truth value [-Wparentheses]
  if(result = f_opendir(&dir, dirName)){
  ^
menu.c: In function 'initializeDisk':
menu.c:117:2: warning: implicit declaration of function 'xprintf' [-Wimplicit-function-declaration]
  xprintf("Disk init code: %d\n", (uint16_t) disk_initialize((uint8_t) DRIVE)); //di 0
  ^
menu.c: In function 'printTrack':
menu.c:58:1: warning: control reaches end of non-void function [-Wreturn-type]
 }
 ^
Info: Linking AudioPlayer.elf
nios2-elf-g++  -T'../AudioPlayer_bsp//linker.x' -msys-crt0='../AudioPlayer_bsp//obj/HAL/src/crt0.o' -msys-lib=hal_bsp -L../AudioPlayer_bsp/   -Wl,-Map=AudioPlayer.map   -O0 -g -Wall   -mno-hw-div -mhw-mul -mno-hw-mulx  -o AudioPlayer.elf obj/default/fatfs.o obj/default/fatfs_diskio.o obj/default/fatfs_nios2_de0_nano_spi.o obj/default/fatfs_nios2_de1_pio.o obj/default/fatfs_nios2_de1_spi.o obj/default/ff.o obj/default/hello_world.o obj/default/main.o obj/default/menu.o obj/default/monitor.o obj/default/player.o obj/default/uart_nios2.o obj/default/utilities.o -lm -msys-lib=m
nios2-elf-insert AudioPlayer.elf --thread_model hal --cpu_name nios2_gen2_0 --qsys true --simulation_enabled false --id 0 --sidp 0x1001148 --timestamp 1494339556 --stderr_dev jtag_uart_0 --stdin_dev jtag_uart_0 --stdout_dev jtag_uart_0 --sopc_system_name LogicalStep --quartus_project_dir "C:/LogicalStepSVN/LogicalStep" --jdi ../..//output_files/LogicalStep_top.jdi --sopcinfo C:/LogicalStepSVN/LogicalStep/Software/AudioPlayer_bsp/../../LogicalStep.sopcinfo
Info: (AudioPlayer.elf) 136 KBytes program size (code + initialized data).
Info:                   8048 KBytes free for stack + heap.
Info: Creating AudioPlayer.objdump
nios2-elf-objdump --disassemble --syms --all-header --source AudioPlayer.elf >AudioPlayer.objdump
[AudioPlayer build complete]
22:18:51 **** Incremental Build of configuration Nios II for project AudioPlayer ****
make all 
Info: Building ../AudioPlayer_bsp/
C:/software/Altera/15.1/nios2eds/bin/gnu/H-x86_64-mingw32/bin/make --no-print-directory -C ../AudioPlayer_bsp/
[BSP build complete]
[AudioPlayer build complete]
22:20:15 **** Build of configuration Nios II for project AudioPlayer ****
make all 
Info: Building ../AudioPlayer_bsp/
C:/software/Altera/15.1/nios2eds/bin/gnu/H-x86_64-mingw32/bin/make --no-print-directory -C ../AudioPlayer_bsp/
[BSP build complete]
Info: Compiling menu.c to obj/default/menu.o
nios2-elf-gcc -xc -MP -MMD -c -I../AudioPlayer_bsp//HAL/inc -I../AudioPlayer_bsp/ -I../AudioPlayer_bsp//drivers/inc  -pipe -D__hal__ -DALT_NO_INSTRUCTION_EMULATION -DALT_SINGLE_THREADED    -O0 -g -Wall   -mno-hw-div -mhw-mul -mno-hw-mulx  -o obj/default/menu.o menu.c
menu.c: In function 'printCurrentTrack':
menu.c:61:1: warning: no return statement in function returning non-void [-Wreturn-type]
 }
 ^
menu.c: In function 'loadDirectory':
menu.c:89:2: warning: suggest parentheses around assignment used as truth value [-Wparentheses]
  if(result = f_opendir(&dir, dirName)){
  ^
menu.c: In function 'initializeDisk':
menu.c:116:2: warning: implicit declaration of function 'xprintf' [-Wimplicit-function-declaration]
  xprintf("Disk init code: %d\n", (uint16_t) disk_initialize((uint8_t) DRIVE)); //di 0
  ^
menu.c: In function 'printTrack':
menu.c:57:1: warning: control reaches end of non-void function [-Wreturn-type]
 }
 ^
Info: Linking AudioPlayer.elf
nios2-elf-g++  -T'../AudioPlayer_bsp//linker.x' -msys-crt0='../AudioPlayer_bsp//obj/HAL/src/crt0.o' -msys-lib=hal_bsp -L../AudioPlayer_bsp/   -Wl,-Map=AudioPlayer.map   -O0 -g -Wall   -mno-hw-div -mhw-mul -mno-hw-mulx  -o AudioPlayer.elf obj/default/fatfs.o obj/default/fatfs_diskio.o obj/default/fatfs_nios2_de0_nano_spi.o obj/default/fatfs_nios2_de1_pio.o obj/default/fatfs_nios2_de1_spi.o obj/default/ff.o obj/default/hello_world.o obj/default/main.o obj/default/menu.o obj/default/monitor.o obj/default/player.o obj/default/uart_nios2.o obj/default/utilities.o -lm -msys-lib=m
nios2-elf-insert AudioPlayer.elf --thread_model hal --cpu_name nios2_gen2_0 --qsys true --simulation_enabled false --id 0 --sidp 0x1001148 --timestamp 1494339556 --stderr_dev jtag_uart_0 --stdin_dev jtag_uart_0 --stdout_dev jtag_uart_0 --sopc_system_name LogicalStep --quartus_project_dir "C:/LogicalStepSVN/LogicalStep" --jdi ../..//output_files/LogicalStep_top.jdi --sopcinfo C:/LogicalStepSVN/LogicalStep/Software/AudioPlayer_bsp/../../LogicalStep.sopcinfo
Info: (AudioPlayer.elf) 136 KBytes program size (code + initialized data).
Info:                   8048 KBytes free for stack + heap.
Info: Creating AudioPlayer.objdump
nios2-elf-objdump --disassemble --syms --all-header --source AudioPlayer.elf >AudioPlayer.objdump
[AudioPlayer build complete]
22:20:22 **** Incremental Build of configuration Nios II for project AudioPlayer ****
make all 
Info: Building ../AudioPlayer_bsp/
C:/software/Altera/15.1/nios2eds/bin/gnu/H-x86_64-mingw32/bin/make --no-print-directory -C ../AudioPlayer_bsp/
[BSP build complete]
[AudioPlayer build complete]
22:23:52 **** Build of configuration Nios II for project AudioPlayer ****
make all 
Info: Building ../AudioPlayer_bsp/
C:/software/Altera/15.1/nios2eds/bin/gnu/H-x86_64-mingw32/bin/make --no-print-directory -C ../AudioPlayer_bsp/
[BSP build complete]
Info: Compiling menu.c to obj/default/menu.o
nios2-elf-gcc -xc -MP -MMD -c -I../AudioPlayer_bsp//HAL/inc -I../AudioPlayer_bsp/ -I../AudioPlayer_bsp//drivers/inc  -pipe -D__hal__ -DALT_NO_INSTRUCTION_EMULATION -DALT_SINGLE_THREADED    -O0 -g -Wall   -mno-hw-div -mhw-mul -mno-hw-mulx  -o obj/default/menu.o menu.c
menu.c: In function 'printCurrentTrack':
menu.c:61:1: warning: no return statement in function returning non-void [-Wreturn-type]
 }
 ^
menu.c: In function 'loadDirectory':
menu.c:89:2: warning: suggest parentheses around assignment used as truth value [-Wparentheses]
  if(result = f_opendir(&dir, dirName)){
  ^
menu.c: In function 'initializeDisk':
menu.c:116:2: warning: implicit declaration of function 'xprintf' [-Wimplicit-function-declaration]
  xprintf("Disk init code: %d\n", (uint16_t) disk_initialize((uint8_t) DRIVE)); //di 0
  ^
menu.c: In function 'printTrack':
menu.c:57:1: warning: control reaches end of non-void function [-Wreturn-type]
 }
 ^
Info: Linking AudioPlayer.elf
nios2-elf-g++  -T'../AudioPlayer_bsp//linker.x' -msys-crt0='../AudioPlayer_bsp//obj/HAL/src/crt0.o' -msys-lib=hal_bsp -L../AudioPlayer_bsp/   -Wl,-Map=AudioPlayer.map   -O0 -g -Wall   -mno-hw-div -mhw-mul -mno-hw-mulx  -o AudioPlayer.elf obj/default/fatfs.o obj/default/fatfs_diskio.o obj/default/fatfs_nios2_de0_nano_spi.o obj/default/fatfs_nios2_de1_pio.o obj/default/fatfs_nios2_de1_spi.o obj/default/ff.o obj/default/hello_world.o obj/default/main.o obj/default/menu.o obj/default/monitor.o obj/default/player.o obj/default/uart_nios2.o obj/default/utilities.o -lm -msys-lib=m
nios2-elf-insert AudioPlayer.elf --thread_model hal --cpu_name nios2_gen2_0 --qsys true --simulation_enabled false --id 0 --sidp 0x1001148 --timestamp 1494339556 --stderr_dev jtag_uart_0 --stdin_dev jtag_uart_0 --stdout_dev jtag_uart_0 --sopc_system_name LogicalStep --quartus_project_dir "C:/LogicalStepSVN/LogicalStep" --jdi ../..//output_files/LogicalStep_top.jdi --sopcinfo C:/LogicalStepSVN/LogicalStep/Software/AudioPlayer_bsp/../../LogicalStep.sopcinfo
Info: (AudioPlayer.elf) 136 KBytes program size (code + initialized data).
Info:                   8048 KBytes free for stack + heap.
Info: Creating AudioPlayer.objdump
nios2-elf-objdump --disassemble --syms --all-header --source AudioPlayer.elf >AudioPlayer.objdump
[AudioPlayer build complete]
22:24:00 **** Incremental Build of configuration Nios II for project AudioPlayer ****
make all 
Info: Building ../AudioPlayer_bsp/
C:/software/Altera/15.1/nios2eds/bin/gnu/H-x86_64-mingw32/bin/make --no-print-directory -C ../AudioPlayer_bsp/
[BSP build complete]
[AudioPlayer build complete]
22:28:30 **** Build of configuration Nios II for project AudioPlayer ****
make all 
Info: Building ../AudioPlayer_bsp/
C:/software/Altera/15.1/nios2eds/bin/gnu/H-x86_64-mingw32/bin/make --no-print-directory -C ../AudioPlayer_bsp/
[BSP build complete]
Info: Compiling hello_world.c to obj/default/hello_world.o
nios2-elf-gcc -xc -MP -MMD -c -I../AudioPlayer_bsp//HAL/inc -I../AudioPlayer_bsp/ -I../AudioPlayer_bsp//drivers/inc  -pipe -D__hal__ -DALT_NO_INSTRUCTION_EMULATION -DALT_SINGLE_THREADED    -O0 -g -Wall   -mno-hw-div -mhw-mul -mno-hw-mulx  -o obj/default/hello_world.o hello_world.c
hello_world.c: In function 'setupInterrupts':
hello_world.c:77:2: warning: implicit declaration of function 'alt_irq_register' [-Wimplicit-function-declaration]
  alt_irq_register(BUTTON_PIO_IRQ, (void*) 0, buttonPressed);
  ^
hello_world.c: In function 'main':
hello_world.c:95:3: warning: implicit declaration of function 'menu' [-Wimplicit-function-declaration]
   menu();
   ^
hello_world.c:96:3: warning: implicit declaration of function 'play' [-Wimplicit-function-declaration]
   play();
   ^
Info: Linking AudioPlayer.elf
nios2-elf-g++  -T'../AudioPlayer_bsp//linker.x' -msys-crt0='../AudioPlayer_bsp//obj/HAL/src/crt0.o' -msys-lib=hal_bsp -L../AudioPlayer_bsp/   -Wl,-Map=AudioPlayer.map   -O0 -g -Wall   -mno-hw-div -mhw-mul -mno-hw-mulx  -o AudioPlayer.elf obj/default/fatfs.o obj/default/fatfs_diskio.o obj/default/fatfs_nios2_de0_nano_spi.o obj/default/fatfs_nios2_de1_pio.o obj/default/fatfs_nios2_de1_spi.o obj/default/ff.o obj/default/hello_world.o obj/default/main.o obj/default/menu.o obj/default/monitor.o obj/default/player.o obj/default/uart_nios2.o obj/default/utilities.o -lm -msys-lib=m
nios2-elf-insert AudioPlayer.elf --thread_model hal --cpu_name nios2_gen2_0 --qsys true --simulation_enabled false --id 0 --sidp 0x1001148 --timestamp 1494339556 --stderr_dev jtag_uart_0 --stdin_dev jtag_uart_0 --stdout_dev jtag_uart_0 --sopc_system_name LogicalStep --quartus_project_dir "C:/LogicalStepSVN/LogicalStep" --jdi ../..//output_files/LogicalStep_top.jdi --sopcinfo C:/LogicalStepSVN/LogicalStep/Software/AudioPlayer_bsp/../../LogicalStep.sopcinfo
Info: (AudioPlayer.elf) 136 KBytes program size (code + initialized data).
Info:                   8048 KBytes free for stack + heap.
Info: Creating AudioPlayer.objdump
nios2-elf-objdump --disassemble --syms --all-header --source AudioPlayer.elf >AudioPlayer.objdump
[AudioPlayer build complete]
22:28:38 **** Incremental Build of configuration Nios II for project AudioPlayer ****
make all 
Info: Building ../AudioPlayer_bsp/
C:/software/Altera/15.1/nios2eds/bin/gnu/H-x86_64-mingw32/bin/make --no-print-directory -C ../AudioPlayer_bsp/
[BSP build complete]
[AudioPlayer build complete]
22:30:33 **** Build of configuration Nios II for project AudioPlayer ****
make all 
Info: Building ../AudioPlayer_bsp/
C:/software/Altera/15.1/nios2eds/bin/gnu/H-x86_64-mingw32/bin/make --no-print-directory -C ../AudioPlayer_bsp/
[BSP build complete]
[AudioPlayer build complete]
22:30:37 **** Incremental Build of configuration Nios II for project AudioPlayer ****
make all 
Info: Building ../AudioPlayer_bsp/
C:/software/Altera/15.1/nios2eds/bin/gnu/H-x86_64-mingw32/bin/make --no-print-directory -C ../AudioPlayer_bsp/
[BSP build complete]
[AudioPlayer build complete]
22:33:03 **** Build of configuration Nios II for project AudioPlayer ****
make all 
Info: Building ../AudioPlayer_bsp/
C:/software/Altera/15.1/nios2eds/bin/gnu/H-x86_64-mingw32/bin/make --no-print-directory -C ../AudioPlayer_bsp/
[BSP build complete]
Info: Compiling hello_world.c to obj/default/hello_world.o
nios2-elf-gcc -xc -MP -MMD -c -I../AudioPlayer_bsp//HAL/inc -I../AudioPlayer_bsp/ -I../AudioPlayer_bsp//drivers/inc  -pipe -D__hal__ -DALT_NO_INSTRUCTION_EMULATION -DALT_SINGLE_THREADED    -O0 -g -Wall   -mno-hw-div -mhw-mul -mno-hw-mulx  -o obj/default/hello_world.o hello_world.c
hello_world.c: In function 'setupInterrupts':
hello_world.c:76:2: warning: implicit declaration of function 'alt_irq_register' [-Wimplicit-function-declaration]
  alt_irq_register(BUTTON_PIO_IRQ, (void*) 0, buttonPressed);
  ^
hello_world.c: In function 'main':
hello_world.c:94:3: warning: implicit declaration of function 'menu' [-Wimplicit-function-declaration]
   menu();
   ^
hello_world.c:95:3: warning: implicit declaration of function 'play' [-Wimplicit-function-declaration]
   play();
   ^
Info: Linking AudioPlayer.elf
nios2-elf-g++  -T'../AudioPlayer_bsp//linker.x' -msys-crt0='../AudioPlayer_bsp//obj/HAL/src/crt0.o' -msys-lib=hal_bsp -L../AudioPlayer_bsp/   -Wl,-Map=AudioPlayer.map   -O0 -g -Wall   -mno-hw-div -mhw-mul -mno-hw-mulx  -o AudioPlayer.elf obj/default/fatfs.o obj/default/fatfs_diskio.o obj/default/fatfs_nios2_de0_nano_spi.o obj/default/fatfs_nios2_de1_pio.o obj/default/fatfs_nios2_de1_spi.o obj/default/ff.o obj/default/hello_world.o obj/default/main.o obj/default/menu.o obj/default/monitor.o obj/default/player.o obj/default/uart_nios2.o obj/default/utilities.o -lm -msys-lib=m
nios2-elf-insert AudioPlayer.elf --thread_model hal --cpu_name nios2_gen2_0 --qsys true --simulation_enabled false --id 0 --sidp 0x1001148 --timestamp 1494339556 --stderr_dev jtag_uart_0 --stdin_dev jtag_uart_0 --stdout_dev jtag_uart_0 --sopc_system_name LogicalStep --quartus_project_dir "C:/LogicalStepSVN/LogicalStep" --jdi ../..//output_files/LogicalStep_top.jdi --sopcinfo C:/LogicalStepSVN/LogicalStep/Software/AudioPlayer_bsp/../../LogicalStep.sopcinfo
Info: (AudioPlayer.elf) 136 KBytes program size (code + initialized data).
Info:                   8048 KBytes free for stack + heap.
Info: Creating AudioPlayer.objdump
nios2-elf-objdump --disassemble --syms --all-header --source AudioPlayer.elf >AudioPlayer.objdump
[AudioPlayer build complete]
22:33:11 **** Incremental Build of configuration Nios II for project AudioPlayer ****
make all 
Info: Building ../AudioPlayer_bsp/
C:/software/Altera/15.1/nios2eds/bin/gnu/H-x86_64-mingw32/bin/make --no-print-directory -C ../AudioPlayer_bsp/
[BSP build complete]
[AudioPlayer build complete]
